<beans xmlns="http://www.springframework.org/schema/beans"
	xmlns:xsi="http://www.w3.org/2001/XMLSchema-instance"
	xmlns:context="http://www.springframework.org/schema/context"
	xsi:schemaLocation="http://www.springframework.org/schema/beans 
		http://www.springframework.org/schema/beans/spring-beans-3.2.xsd
		http://www.springframework.org/schema/context http://www.springframework.org/schema/context/spring-context-3.0.xsd">

   <!--  <import resource="classpath*:cache-config.xml" />
    -->
    <import resource="classpath*:spring-nube-core-system-config.xml" />
   
	<context:property-placeholder
		ignore-resource-not-found="true" ignore-unresolvable="true"
		system-properties-mode="OVERRIDE"
		location="classpath:nube-core.properties" order="1"/>


 
</beans>
